android/app/build/intermediates/manifest_merge_blame_file/debug/manifest-merger-blame-debug-report.txt
1<?xml version="1.0" encoding="utf-8"?>
2<manifest xmlns:android="http://schemas.android.com/apk/res/android"
3    package="com.deneme"
4    android:versionCode="1"
5    android:versionName="1.0" >
6
7    <uses-sdk
8        android:minSdkVersion="21"
9        android:targetSdkVersion="33" />
10
11    <uses-permission android:name="android.permission.SYSTEM_ALERT_WINDOW" />
11-->src/debug/AndroidManifest.xml:5:5-77
11-->src/debug/AndroidManifest.xml:5:22-75
12    <uses-permission android:name="android.permission.INTERNET" />
12-->src/main/AndroidManifest.xml:3:5-67
12-->src/main/AndroidManifest.xml:3:22-64
13    <uses-permission android:name="android.permission.WRITE_EXTERNAL_STORAGE" />
13-->src/main/AndroidManifest.xml:4:5-81
13-->src/main/AndroidManifest.xml:4:22-78
14    <uses-permission android:name="android.permission.WRITE_INTERNAL_STORAGE" />
14-->src/main/AndroidManifest.xml:5:5-81
14-->src/main/AndroidManifest.xml:5:22-78
15    <uses-permission android:name="android.permission.FOREGROUND_SERVICE" /> <!-- If you intend to use the microphone -->
15-->src/main/AndroidManifest.xml:6:5-77
15-->src/main/AndroidManifest.xml:6:22-74
16    <uses-permission android:name="android.permission.RECORD_AUDIO" />
16-->src/main/AndroidManifest.xml:8:5-71
16-->src/main/AndroidManifest.xml:8:22-68
17    <uses-permission android:name="android.permission.READ_EXTERNAL_STORAGE" />
17-->src/main/AndroidManifest.xml:9:5-80
17-->src/main/AndroidManifest.xml:9:22-77
18    <uses-permission android:name="android.permission.ACCESS_WIFI_STATE" />
18-->[com.facebook.flipper:flipper:0.125.0] AndroidManifest.xml:16:5-76
18-->[com.facebook.flipper:flipper:0.125.0] AndroidManifest.xml:16:22-73
19    <uses-permission android:name="android.permission.WAKE_LOCK" />
19-->[:react-native-firebase_storage] AndroidManifest.xml:10:5-68
19-->[:react-native-firebase_storage] AndroidManifest.xml:10:22-65
20    <uses-permission android:name="android.permission.ACCESS_NETWORK_STATE" />
20-->[:react-native-firebase_storage] AndroidManifest.xml:11:5-79
20-->[:react-native-firebase_storage] AndroidManifest.xml:11:22-76
21    <uses-permission android:name="android.permission.CAMERA" />
21-->[:react-native-voximplant] AndroidManifest.xml:9:5-65
21-->[:react-native-voximplant] AndroidManifest.xml:9:22-62
22    <uses-permission android:name="android.permission.MODIFY_AUDIO_SETTINGS" />
22-->[:react-native-voximplant] AndroidManifest.xml:10:5-80
22-->[:react-native-voximplant] AndroidManifest.xml:10:22-77
23    <uses-permission
23-->[:react-native-voximplant] AndroidManifest.xml:14:5-68
24        android:name="android.permission.BLUETOOTH"
24-->[:react-native-voximplant] AndroidManifest.xml:14:22-65
25        android:maxSdkVersion="30" />
25-->[com.voximplant:voximplant-sdk:2.35.2] AndroidManifest.xml:11:9-35
26    <uses-permission android:name="android.permission.BLUETOOTH_CONNECT" />
26-->[com.voximplant:voximplant-sdk:2.35.2] AndroidManifest.xml:12:5-76
26-->[com.voximplant:voximplant-sdk:2.35.2] AndroidManifest.xml:12:22-73
27    <uses-permission android:name="android.permission.CHANGE_NETWORK_STATE" />
27-->[com.voximplant:voximplant-sdk:2.35.2] AndroidManifest.xml:14:5-79
27-->[com.voximplant:voximplant-sdk:2.35.2] AndroidManifest.xml:14:22-76
28
29    <application
29-->src/main/AndroidManifest.xml:11:5-30:19
30        android:name="com.deneme.MainApplication"
30-->src/main/AndroidManifest.xml:12:7-38
31        android:allowBackup="false"
31-->src/main/AndroidManifest.xml:16:7-34
32        android:appComponentFactory="androidx.core.app.CoreComponentFactory"
32-->[androidx.core:core:1.7.0] AndroidManifest.xml:24:18-86
33        android:debuggable="true"
34        android:icon="@mipmap/ic_launcher"
34-->src/main/AndroidManifest.xml:14:7-41
35        android:label="@string/app_name"
35-->src/main/AndroidManifest.xml:13:7-39
36        android:roundIcon="@mipmap/ic_launcher_round"
36-->src/main/AndroidManifest.xml:15:7-52
37        android:theme="@style/AppTheme"
37-->src/main/AndroidManifest.xml:17:7-38
38        android:usesCleartextTraffic="true" >
38-->src/debug/AndroidManifest.xml:8:9-44
39        <activity
39-->src/debug/AndroidManifest.xml:11:9-111
40            android:name="com.facebook.react.devsupport.DevSettingsActivity"
40-->src/debug/AndroidManifest.xml:11:19-83
41            android:exported="false" />
41-->src/debug/AndroidManifest.xml:11:84-108
42        <activity
42-->src/main/AndroidManifest.xml:18:7-29:18
43            android:name="com.deneme.MainActivity"
43-->src/main/AndroidManifest.xml:19:9-37
44            android:configChanges="keyboard|keyboardHidden|orientation|screenLayout|screenSize|smallestScreenSize|uiMode"
44-->src/main/AndroidManifest.xml:21:9-118
45            android:exported="true"
45-->src/main/AndroidManifest.xml:24:9-32
46            android:label="@string/app_name"
46-->src/main/AndroidManifest.xml:20:9-41
47            android:launchMode="singleTask"
47-->src/main/AndroidManifest.xml:22:9-40
48            android:windowSoftInputMode="adjustResize" >
48-->src/main/AndroidManifest.xml:23:9-51
49            <intent-filter>
49-->src/main/AndroidManifest.xml:25:9-28:25
50                <action android:name="android.intent.action.MAIN" />
50-->src/main/AndroidManifest.xml:26:13-65
50-->src/main/AndroidManifest.xml:26:21-62
51
52                <category android:name="android.intent.category.LAUNCHER" />
52-->src/main/AndroidManifest.xml:27:13-73
52-->src/main/AndroidManifest.xml:27:23-70
53            </intent-filter>
54        </activity>
55
56        <meta-data
56-->[:react-native-firebase_app] AndroidManifest.xml:11:9-13:36
57            android:name="app_data_collection_default_enabled"
57-->[:react-native-firebase_app] AndroidManifest.xml:12:13-63
58            android:value="true" />
58-->[:react-native-firebase_app] AndroidManifest.xml:13:13-33
59
60        <service
60-->[:react-native-firebase_app] AndroidManifest.xml:15:9-23:19
61            android:name="com.google.firebase.components.ComponentDiscoveryService"
61-->[:react-native-firebase_app] AndroidManifest.xml:16:13-84
62            android:directBootAware="true"
62-->[:react-native-firebase_app] AndroidManifest.xml:17:13-43
63            android:exported="false" >
63-->[:react-native-firebase_app] AndroidManifest.xml:18:13-37
64            <meta-data
64-->[:react-native-firebase_app] AndroidManifest.xml:20:13-22:85
65                android:name="com.google.firebase.components:io.invertase.firebase.app.ReactNativeFirebaseAppRegistrar"
65-->[:react-native-firebase_app] AndroidManifest.xml:21:17-120
66                android:value="com.google.firebase.components.ComponentRegistrar" />
66-->[:react-native-firebase_app] AndroidManifest.xml:22:17-82
67            <meta-data
67-->[com.google.firebase:firebase-storage:20.2.0] AndroidManifest.xml:32:13-34:85
68                android:name="com.google.firebase.components:com.google.firebase.storage.StorageRegistrar"
68-->[com.google.firebase:firebase-storage:20.2.0] AndroidManifest.xml:33:17-107
69                android:value="com.google.firebase.components.ComponentRegistrar" />
69-->[com.google.firebase:firebase-storage:20.2.0] AndroidManifest.xml:34:17-82
70        </service>
71
72        <provider
72-->[:react-native-firebase_app] AndroidManifest.xml:25:9-29:38
73            android:name="io.invertase.firebase.app.ReactNativeFirebaseAppInitProvider"
73-->[:react-native-firebase_app] AndroidManifest.xml:26:13-88
74            android:authorities="com.deneme.reactnativefirebaseappinitprovider"
74-->[:react-native-firebase_app] AndroidManifest.xml:27:13-86
75            android:exported="false"
75-->[:react-native-firebase_app] AndroidManifest.xml:28:13-37
76            android:initOrder="99" />
76-->[:react-native-firebase_app] AndroidManifest.xml:29:13-35
77
78        <service
78-->[com.github.HBiSoft:HBRecorder:2.0.3] AndroidManifest.xml:13:9-16:35
79            android:name="com.hbisoft.hbrecorder.ScreenRecordService"
79-->[com.github.HBiSoft:HBRecorder:2.0.3] AndroidManifest.xml:14:13-70
80            android:foregroundServiceType="mediaProjection" />
80-->[com.github.HBiSoft:HBRecorder:2.0.3] AndroidManifest.xml:15:13-60
81
82        <receiver android:name="com.hbisoft.hbrecorder.NotificationReceiver" />
82-->[com.github.HBiSoft:HBRecorder:2.0.3] AndroidManifest.xml:18:9-80
82-->[com.github.HBiSoft:HBRecorder:2.0.3] AndroidManifest.xml:18:19-77
83
84        <activity
84-->[com.google.android.gms:play-services-auth:20.5.0] AndroidManifest.xml:23:9-27:75
85            android:name="com.google.android.gms.auth.api.signin.internal.SignInHubActivity"
85-->[com.google.android.gms:play-services-auth:20.5.0] AndroidManifest.xml:24:13-93
86            android:excludeFromRecents="true"
86-->[com.google.android.gms:play-services-auth:20.5.0] AndroidManifest.xml:25:13-46
87            android:exported="false"
87-->[com.google.android.gms:play-services-auth:20.5.0] AndroidManifest.xml:26:13-37
88            android:theme="@android:style/Theme.Translucent.NoTitleBar" />
88-->[com.google.android.gms:play-services-auth:20.5.0] AndroidManifest.xml:27:13-72
89        <!--
90            Service handling Google Sign-In user revocation. For apps that do not integrate with
91            Google Sign-In, this service will never be started.
92        -->
93        <service
93-->[com.google.android.gms:play-services-auth:20.5.0] AndroidManifest.xml:33:9-37:51
94            android:name="com.google.android.gms.auth.api.signin.RevocationBoundService"
94-->[com.google.android.gms:play-services-auth:20.5.0] AndroidManifest.xml:34:13-89
95            android:exported="true"
95-->[com.google.android.gms:play-services-auth:20.5.0] AndroidManifest.xml:35:13-36
96            android:permission="com.google.android.gms.auth.api.signin.permission.REVOCATION_NOTIFICATION"
96-->[com.google.android.gms:play-services-auth:20.5.0] AndroidManifest.xml:36:13-107
97            android:visibleToInstantApps="true" />
97-->[com.google.android.gms:play-services-auth:20.5.0] AndroidManifest.xml:37:13-48
98
99        <activity
99-->[com.google.android.gms:play-services-base:18.0.1] AndroidManifest.xml:20:9-22:45
100            android:name="com.google.android.gms.common.api.GoogleApiActivity"
100-->[com.google.android.gms:play-services-base:18.0.1] AndroidManifest.xml:20:19-85
101            android:exported="false"
101-->[com.google.android.gms:play-services-base:18.0.1] AndroidManifest.xml:22:19-43
102            android:theme="@android:style/Theme.Translucent.NoTitleBar" />
102-->[com.google.android.gms:play-services-base:18.0.1] AndroidManifest.xml:21:19-78
103
104        <provider
104-->[com.google.firebase:firebase-common:20.3.2] AndroidManifest.xml:25:9-30:39
105            android:name="com.google.firebase.provider.FirebaseInitProvider"
105-->[com.google.firebase:firebase-common:20.3.2] AndroidManifest.xml:26:13-77
106            android:authorities="com.deneme.firebaseinitprovider"
106-->[com.google.firebase:firebase-common:20.3.2] AndroidManifest.xml:27:13-72
107            android:directBootAware="true"
107-->[com.google.firebase:firebase-common:20.3.2] AndroidManifest.xml:28:13-43
108            android:exported="false"
108-->[com.google.firebase:firebase-common:20.3.2] AndroidManifest.xml:29:13-37
109            android:initOrder="100" />
109-->[com.google.firebase:firebase-common:20.3.2] AndroidManifest.xml:30:13-36
110
111        <meta-data
111-->[com.google.android.gms:play-services-basement:18.2.0] AndroidManifest.xml:21:9-23:69
112            android:name="com.google.android.gms.version"
112-->[com.google.android.gms:play-services-basement:18.2.0] AndroidManifest.xml:22:13-58
113            android:value="@integer/google_play_services_version" />
113-->[com.google.android.gms:play-services-basement:18.2.0] AndroidManifest.xml:23:13-66
114
115        <provider
115-->[androidx.emoji2:emoji2:1.0.0] AndroidManifest.xml:26:9-34:20
116            android:name="androidx.startup.InitializationProvider"
116-->[androidx.emoji2:emoji2:1.0.0] AndroidManifest.xml:27:13-67
117            android:authorities="com.deneme.androidx-startup"
117-->[androidx.emoji2:emoji2:1.0.0] AndroidManifest.xml:28:13-68
118            android:exported="false" >
118-->[androidx.emoji2:emoji2:1.0.0] AndroidManifest.xml:29:13-37
119            <meta-data
119-->[androidx.emoji2:emoji2:1.0.0] AndroidManifest.xml:31:13-33:52
120                android:name="androidx.emoji2.text.EmojiCompatInitializer"
120-->[androidx.emoji2:emoji2:1.0.0] AndroidManifest.xml:32:17-75
121                android:value="androidx.startup" />
121-->[androidx.emoji2:emoji2:1.0.0] AndroidManifest.xml:33:17-49
122            <meta-data
122-->[androidx.lifecycle:lifecycle-process:2.4.0] AndroidManifest.xml:31:13-33:52
123                android:name="androidx.lifecycle.ProcessLifecycleInitializer"
123-->[androidx.lifecycle:lifecycle-process:2.4.0] AndroidManifest.xml:32:17-78
124                android:value="androidx.startup" />
124-->[androidx.lifecycle:lifecycle-process:2.4.0] AndroidManifest.xml:33:17-49
125        </provider>
126    </application>
127
128</manifest>